This is pdfTeX, Version 3.141592653-2.6-1.40.25 (MiKTeX 23.5) (preloaded format=pdflatex 2023.5.20)  1 JUN 2023 10:34
entering extended mode
 restricted \write18 enabled.
 file:line:error style messages enabled.
 %&-line parsing enabled.
**"/home/zlatko/Radna površina/Strukture podataka/SP seminar Bloom filter/SP seminar LaTeX/main.tex"
(/home/zlatko/Radna površina/Strukture podataka/SP seminar Bloom filter/SP seminar LaTeX/main.tex
LaTeX2e <2022-11-01> patch level 1
L3 programming layer <2023-05-15> (foi.cls
Document Class: foi 
(/usr/local/share/miktex-texmf/tex/latex/base/report.cls
Document Class: report 2022/07/02 v1.4n Standard LaTeX document class
(/usr/local/share/miktex-texmf/tex/latex/base/size11.clo
File: size11.clo 2022/07/02 v1.4n Standard LaTeX file (size option)
)
\c@part=\count185
\c@chapter=\count186
\c@section=\count187
\c@subsection=\count188
\c@subsubsection=\count189
\c@paragraph=\count190
\c@subparagraph=\count191
\c@figure=\count192
\c@table=\count193
\abovecaptionskip=\skip48
\belowcaptionskip=\skip49
\bibindent=\dimen140
) (/home/zlatko/.miktex/texmfs/install/tex/latex/geometry/geometry.sty
Package: geometry 2020/01/02 v5.9 Page Geometry
 (/usr/local/share/miktex-texmf/tex/latex/graphics/keyval.sty
Package: keyval 2022/05/29 v1.15 key=value parser (DPC)
\KV@toks@=\toks16
) (/usr/local/share/miktex-texmf/tex/generic/iftex/ifvtex.sty
Package: ifvtex 2019/10/25 v1.7 ifvtex legacy package. Use iftex instead.
 (/usr/local/share/miktex-texmf/tex/generic/iftex/iftex.sty
Package: iftex 2022/02/03 v1.0f TeX engine tests
))
\Gm@cnth=\count194
\Gm@cntv=\count195
\c@Gm@tempcnt=\count196
\Gm@bindingoffset=\dimen141
\Gm@wd@mp=\dimen142
\Gm@odd@mp=\dimen143
\Gm@even@mp=\dimen144
\Gm@layoutwidth=\dimen145
\Gm@layoutheight=\dimen146
\Gm@layouthoffset=\dimen147
\Gm@layoutvoffset=\dimen148
\Gm@dimlist=\toks17
 (/home/zlatko/.miktex/texmfs/install/tex/latex/geometry/geometry.cfg)) (/usr/local/share/miktex-texmf/tex/latex/base/inputenc.sty
Package: inputenc 2021/02/14 v1.3d Input encoding file
\inpenc@prehook=\toks18
\inpenc@posthook=\toks19
) (/usr/local/share/miktex-texmf/tex/generic/babel/babel.sty
Package: babel 2023/05/11 v3.89 The Babel package
\babel@savecnt=\count197
\U@D=\dimen149
\l@unhyphenated=\language79
 (/usr/local/share/miktex-texmf/tex/generic/babel/txtbabel.def)
\bbl@readstream=\read2
\bbl@dirlevel=\count198

*************************************
* Local config file bblopts.cfg used
*
(/usr/local/share/miktex-texmf/tex/latex/arabi/bblopts.cfg
File: bblopts.cfg 2005/09/08 v0.1 add Arabic and Farsi to "declared" options of babel
) (/home/zlatko/.miktex/texmfs/install/tex/latex/babel-croatian/croatian.ldf
Language: croatian 2014/03/31 v1.3m Croatian support from the babel system
)) (/usr/local/share/miktex-texmf/tex/generic/babel/locale/hr/babel-croatian.tex
Package babel Info: Importing font and identification data for croatian
(babel)             from babel-hr.ini. Reported on input line 11.
) (/home/zlatko/.miktex/texmfs/install/tex/latex/csquotes/csquotes.sty
Package: csquotes 2022-09-14 v5.2n context-sensitive quotations (JAW)
 (/usr/local/share/miktex-texmf/tex/latex/etoolbox/etoolbox.sty
Package: etoolbox 2020/10/05 v2.5k e-TeX tools for LaTeX (JAW)
\etb@tempcnta=\count199
)
\csq@reset=\count266
\csq@gtype=\count267
\csq@glevel=\count268
\csq@qlevel=\count269
\csq@maxlvl=\count270
\csq@tshold=\count271
\csq@ltx@everypar=\toks20
 (/home/zlatko/.miktex/texmfs/install/tex/latex/csquotes/csquotes.def
File: csquotes.def 2022-09-14 v5.2n csquotes generic definitions (JAW)
)
Package csquotes Info: Trying to load configuration file 'csquotes.cfg'...
Package csquotes Info: ... configuration file loaded successfully.
 (/home/zlatko/.miktex/texmfs/install/tex/latex/csquotes/csquotes.cfg
File: csquotes.cfg 
)) (/usr/local/share/miktex-texmf/tex/latex/base/fontenc.sty
Package: fontenc 2021/04/29 v2.0v Standard LaTeX package
) (/home/zlatko/.miktex/texmfs/install/tex/latex/anyfontsize/anyfontsize.sty
Package: anyfontsize 2007/11/22 anyfontsize.sty by pts
) (/usr/local/share/miktex-texmf/tex/latex/graphics/graphicx.sty
Package: graphicx 2021/09/16 v1.2d Enhanced LaTeX Graphics (DPC,SPQR)
 (/usr/local/share/miktex-texmf/tex/latex/graphics/graphics.sty
Package: graphics 2022/03/10 v1.4e Standard LaTeX Graphics (DPC,SPQR)
 (/usr/local/share/miktex-texmf/tex/latex/graphics/trig.sty
Package: trig 2021/08/11 v1.11 sin cos tan (DPC)
) (/usr/local/share/miktex-texmf/tex/latex/graphics-cfg/graphics.cfg
File: graphics.cfg 2016/06/04 v1.11 sample graphics configuration
)
Package graphics Info: Driver file: pdftex.def on input line 107.
 (/usr/local/share/miktex-texmf/tex/latex/graphics-def/pdftex.def
File: pdftex.def 2022/09/22 v1.2b Graphics/color driver for pdftex
))
\Gin@req@height=\dimen150
\Gin@req@width=\dimen151
) (/usr/local/share/miktex-texmf/tex/latex/amsfonts/amssymb.sty
Package: amssymb 2013/01/14 v3.01 AMS font symbols
 (/usr/local/share/miktex-texmf/tex/latex/amsfonts/amsfonts.sty
Package: amsfonts 2013/01/14 v3.01 Basic AMSFonts support
\@emptytoks=\toks21
\symAMSa=\mathgroup4
\symAMSb=\mathgroup5
LaTeX Font Info:    Redeclaring math symbol \hbar on input line 98.
LaTeX Font Info:    Overwriting math alphabet `\mathfrak' in version `bold'
(Font)                  U/euf/m/n --> U/euf/b/n on input line 106.
)) (/usr/local/share/miktex-texmf/tex/latex/amsmath/amsmath.sty
Package: amsmath 2022/04/08 v2.17n AMS math features
\@mathmargin=\skip50

For additional information on amsmath, use the `?' option.
(/usr/local/share/miktex-texmf/tex/latex/amsmath/amstext.sty
Package: amstext 2021/08/26 v2.01 AMS text
 (/usr/local/share/miktex-texmf/tex/latex/amsmath/amsgen.sty
File: amsgen.sty 1999/11/30 v2.0 generic functions
\@emptytoks=\toks22
\ex@=\dimen152
)) (/usr/local/share/miktex-texmf/tex/latex/amsmath/amsbsy.sty
Package: amsbsy 1999/11/29 v1.2d Bold Symbols
\pmbraise@=\dimen153
) (/usr/local/share/miktex-texmf/tex/latex/amsmath/amsopn.sty
Package: amsopn 2022/04/08 v2.04 operator names
)
\inf@bad=\count272
LaTeX Info: Redefining \frac on input line 234.
\uproot@=\count273
\leftroot@=\count274
LaTeX Info: Redefining \overline on input line 399.
LaTeX Info: Redefining \colon on input line 410.
\classnum@=\count275
\DOTSCASE@=\count276
LaTeX Info: Redefining \ldots on input line 496.
LaTeX Info: Redefining \dots on input line 499.
LaTeX Info: Redefining \cdots on input line 620.
\Mathstrutbox@=\box51
\strutbox@=\box52
LaTeX Info: Redefining \big on input line 722.
LaTeX Info: Redefining \Big on input line 723.
LaTeX Info: Redefining \bigg on input line 724.
LaTeX Info: Redefining \Bigg on input line 725.
\big@size=\dimen154
LaTeX Font Info:    Redeclaring font encoding OML on input line 743.
LaTeX Font Info:    Redeclaring font encoding OMS on input line 744.
\macc@depth=\count277
LaTeX Info: Redefining \bmod on input line 905.
LaTeX Info: Redefining \pmod on input line 910.
LaTeX Info: Redefining \smash on input line 940.
LaTeX Info: Redefining \relbar on input line 970.
LaTeX Info: Redefining \Relbar on input line 971.
\c@MaxMatrixCols=\count278
\dotsspace@=\muskip16
\c@parentequation=\count279
\dspbrk@lvl=\count280
\tag@help=\toks23
\row@=\count281
\column@=\count282
\maxfields@=\count283
\andhelp@=\toks24
\eqnshift@=\dimen155
\alignsep@=\dimen156
\tagshift@=\dimen157
\tagwidth@=\dimen158
\totwidth@=\dimen159
\lineht@=\dimen160
\@envbody=\toks25
\multlinegap=\skip51
\multlinetaggap=\skip52
\mathdisplay@stack=\toks26
LaTeX Info: Redefining \[ on input line 2953.
LaTeX Info: Redefining \] on input line 2954.
) (/home/zlatko/.miktex/texmfs/install/tex/latex/caption/caption.sty
Package: caption 2023/03/12 v3.6j Customizing captions (AR)
 (/home/zlatko/.miktex/texmfs/install/tex/latex/caption/caption3.sty
Package: caption3 2023/03/12 v2.4 caption3 kernel (AR)
\caption@tempdima=\dimen161
\captionmargin=\dimen162
\caption@leftmargin=\dimen163
\caption@rightmargin=\dimen164
\caption@width=\dimen165
\caption@indent=\dimen166
\caption@parindent=\dimen167
\caption@hangindent=\dimen168
Package caption Info: Standard document class detected.
)
\c@caption@flags=\count284
\c@continuedfloat=\count285
) (/usr/local/share/miktex-texmf/tex/latex/base/ifthen.sty
Package: ifthen 2022/04/13 v1.1d Standard LaTeX ifthen package (DPC)
) (/usr/local/share/miktex-texmf/tex/latex/url/url.sty
\Urlmuskip=\muskip17
Package: url 2013/09/16  ver 3.4  Verb mode for urls, etc.
) (/home/zlatko/.miktex/texmfs/install/tex/latex/enumitem/enumitem.sty
Package: enumitem 2019/06/20 v3.9 Customized lists
\labelindent=\skip53
\enit@outerparindent=\dimen169
\enit@toks=\toks27
\enit@inbox=\box53
\enit@count@id=\count286
\enitdp@description=\count287
) (/home/zlatko/.miktex/texmfs/install/tex/latex/titlesec/titlesec.sty
Package: titlesec 2021/07/05 v2.14 Sectioning titles
\ttl@box=\box54
\beforetitleunit=\skip54
\aftertitleunit=\skip55
\ttl@plus=\dimen170
\ttl@minus=\dimen171
\ttl@toksa=\toks28
\titlewidth=\dimen172
\titlewidthlast=\dimen173
\titlewidthfirst=\dimen174
) (/usr/local/share/miktex-texmf/tex/latex/tools/tabularx.sty
Package: tabularx 2020/01/15 v2.11c `tabularx' package (DPC)
 (/usr/local/share/miktex-texmf/tex/latex/tools/array.sty
Package: array 2022/09/04 v2.5g Tabular extension package (FMi)
\col@sep=\dimen175
\ar@mcellbox=\box55
\extrarowheight=\dimen176
\NC@list=\toks29
\extratabsurround=\skip56
\backup@length=\skip57
\ar@cellbox=\box56
)
\TX@col@width=\dimen177
\TX@old@table=\dimen178
\TX@old@col=\dimen179
\TX@target=\dimen180
\TX@delta=\dimen181
\TX@cols=\count288
\TX@ftn=\toks30
) (/home/zlatko/.miktex/texmfs/install/tex/latex/fancyhdr/fancyhdr.sty
Package: fancyhdr 2022/11/09 v4.1 Extensive control of page headers and footers
\f@nch@headwidth=\skip58
\f@nch@O@elh=\skip59
\f@nch@O@erh=\skip60
\f@nch@O@olh=\skip61
\f@nch@O@orh=\skip62
\f@nch@O@elf=\skip63
\f@nch@O@erf=\skip64
\f@nch@O@olf=\skip65
\f@nch@O@orf=\skip66
) (/home/zlatko/.miktex/texmfs/install/tex/latex/chngcntr/chngcntr.sty
Package: chngcntr 2018/04/09 v1.1a change counter resetting
Package chngcntr Info: \counterwithout already defined.
(chngcntr)             Quitting chngcntr on input line 21.
) (/usr/local/share/miktex-texmf/tex/latex/xcolor/xcolor.sty
Package: xcolor 2022/06/12 v2.14 LaTeX color extensions (UK)
 (/usr/local/share/miktex-texmf/tex/latex/graphics-cfg/color.cfg
File: color.cfg 2016/01/02 v1.6 sample color configuration
)
Package xcolor Info: Driver file: pdftex.def on input line 227.
 (/home/zlatko/.miktex/texmfs/install/tex/latex/colortbl/colortbl.sty
Package: colortbl 2022/06/20 v1.0f Color table columns (DPC)
\everycr=\toks31
\minrowclearance=\skip67
\rownum=\count289
) (/usr/local/share/miktex-texmf/tex/latex/graphics/mathcolor.ltx)
Package xcolor Info: Model `cmy' substituted by `cmy0' on input line 1353.
Package xcolor Info: Model `hsb' substituted by `rgb' on input line 1357.
Package xcolor Info: Model `RGB' extended on input line 1369.
Package xcolor Info: Model `HTML' substituted by `rgb' on input line 1371.
Package xcolor Info: Model `Hsb' substituted by `hsb' on input line 1372.
Package xcolor Info: Model `tHsb' substituted by `hsb' on input line 1373.
Package xcolor Info: Model `HSB' substituted by `hsb' on input line 1374.
Package xcolor Info: Model `Gray' substituted by `gray' on input line 1375.
Package xcolor Info: Model `wave' substituted by `hsb' on input line 1376.
) (/usr/local/share/miktex-texmf/tex/latex/listings/listings.sty
\lst@mode=\count290
\lst@gtempboxa=\box57
\lst@token=\toks32
\lst@length=\count291
\lst@currlwidth=\dimen182
\lst@column=\count292
\lst@pos=\count293
\lst@lostspace=\dimen183
\lst@width=\dimen184
\lst@newlines=\count294
\lst@lineno=\count295
\lst@maxwidth=\dimen185
 (/usr/local/share/miktex-texmf/tex/latex/listings/lstmisc.sty
File: lstmisc.sty 2023/02/27 1.9 (Carsten Heinz)
\c@lstnumber=\count296
\lst@skipnumbers=\count297
\lst@framebox=\box58
) (/usr/local/share/miktex-texmf/tex/latex/listings/listings.cfg
File: listings.cfg 2023/02/27 1.9 listings configuration
))
Package: listings 2023/02/27 1.9 (Carsten Heinz)
 (/home/zlatko/.miktex/texmfs/install/tex/latex/psnfss/times.sty
Package: times 2020/03/25 PSNFSS-v9.3 (SPQR) 
) (/home/zlatko/.miktex/texmfs/install/tex/latex/psnfss/courier.sty
Package: courier 2020/03/25 PSNFSS-v9.3 (WaS) 
) (/usr/local/share/miktex-texmf/tex/latex/biblatex/biblatex.sty
Package: biblatex 2023/03/05 v3.19 programmable bibliographies (PK/MW)
 (/usr/local/share/miktex-texmf/tex/generic/pdftexcmds/pdftexcmds.sty
Package: pdftexcmds 2020-06-27 v0.33 Utility functions of pdfTeX for LuaTeX (HO)
 (/home/zlatko/.miktex/texmfs/install/tex/generic/infwarerr/infwarerr.sty
Package: infwarerr 2019/12/03 v1.5 Providing info/warning/error messages (HO)
) (/home/zlatko/.miktex/texmfs/install/tex/generic/ltxcmds/ltxcmds.sty
Package: ltxcmds 2020-05-10 v1.25 LaTeX kernel commands for general use (HO)
)
Package pdftexcmds Info: \pdf@primitive is available.
Package pdftexcmds Info: \pdf@ifprimitive is available.
Package pdftexcmds Info: \pdfdraftmode found.
) (/home/zlatko/.miktex/texmfs/install/tex/latex/kvoptions/kvoptions.sty
Package: kvoptions 2022-06-15 v3.15 Key value format for package options (HO)
 (/home/zlatko/.miktex/texmfs/install/tex/latex/kvsetkeys/kvsetkeys.sty
Package: kvsetkeys 2022-10-05 v1.19 Key value parser (HO)
)) (/home/zlatko/.miktex/texmfs/install/tex/latex/logreq/logreq.sty
Package: logreq 2010/08/04 v1.0 xml request logger
\lrq@indent=\count298
 (/home/zlatko/.miktex/texmfs/install/tex/latex/logreq/logreq.def
File: logreq.def 2010/08/04 v1.0 logreq spec v1.0
))
\c@tabx@nest=\count299
\c@listtotal=\count300
\c@listcount=\count301
\c@liststart=\count302
\c@liststop=\count303
\c@citecount=\count304
\c@citetotal=\count305
\c@multicitecount=\count306
\c@multicitetotal=\count307
\c@instcount=\count308
\c@maxnames=\count309
\c@minnames=\count310
\c@maxitems=\count311
\c@minitems=\count312
\c@citecounter=\count313
\c@maxcitecounter=\count314
\c@savedcitecounter=\count315
\c@uniquelist=\count316
\c@uniquename=\count317
\c@refsection=\count318
\c@refsegment=\count319
\c@maxextratitle=\count320
\c@maxextratitleyear=\count321
\c@maxextraname=\count322
\c@maxextradate=\count323
\c@maxextraalpha=\count324
\c@abbrvpenalty=\count325
\c@highnamepenalty=\count326
\c@lownamepenalty=\count327
\c@maxparens=\count328
\c@parenlevel=\count329
\blx@tempcnta=\count330
\blx@tempcntb=\count331
\blx@tempcntc=\count332
\c@blx@maxsection=\count333
\blx@maxsegment@0=\count334
\blx@notetype=\count335
\blx@parenlevel@text=\count336
\blx@parenlevel@foot=\count337
\blx@sectionciteorder@0=\count338
\blx@sectionciteorderinternal@0=\count339
\blx@entrysetcounter=\count340
\blx@biblioinstance=\count341
\labelnumberwidth=\skip68
\labelalphawidth=\skip69
\biblabelsep=\skip70
\bibitemsep=\skip71
\bibnamesep=\skip72
\bibinitsep=\skip73
\bibparsep=\skip74
\bibhang=\skip75
\blx@bcfin=\read3
\blx@bcfout=\write3
\blx@langwohyphens=\language80
\c@mincomprange=\count342
\c@maxcomprange=\count343
\c@mincompwidth=\count344
Package biblatex Info: Trying to load biblatex default data model...
Package biblatex Info: ... file 'blx-dm.def' found.
 (/usr/local/share/miktex-texmf/tex/latex/biblatex/blx-dm.def
File: blx-dm.def 2023/03/05 v3.19 biblatex localization (PK/MW)
)
Package biblatex Info: Trying to load biblatex style data model...
Package biblatex Info: ... file 'ieee.dbx' not found.
Package biblatex Info: Trying to load biblatex custom data model...
Package biblatex Info: ... file 'biblatex-dm.cfg' not found.
\c@afterword=\count345
\c@savedafterword=\count346
\c@annotator=\count347
\c@savedannotator=\count348
\c@author=\count349
\c@savedauthor=\count350
\c@bookauthor=\count351
\c@savedbookauthor=\count352
\c@commentator=\count353
\c@savedcommentator=\count354
\c@editor=\count355
\c@savededitor=\count356
\c@editora=\count357
\c@savededitora=\count358
\c@editorb=\count359
\c@savededitorb=\count360
\c@editorc=\count361
\c@savededitorc=\count362
\c@foreword=\count363
\c@savedforeword=\count364
\c@holder=\count365
\c@savedholder=\count366
\c@introduction=\count367
\c@savedintroduction=\count368
\c@namea=\count369
\c@savednamea=\count370
\c@nameb=\count371
\c@savednameb=\count372
\c@namec=\count373
\c@savednamec=\count374
\c@translator=\count375
\c@savedtranslator=\count376
\c@shortauthor=\count377
\c@savedshortauthor=\count378
\c@shorteditor=\count379
\c@savedshorteditor=\count380
\c@labelname=\count381
\c@savedlabelname=\count382
\c@institution=\count383
\c@savedinstitution=\count384
\c@lista=\count385
\c@savedlista=\count386
\c@listb=\count387
\c@savedlistb=\count388
\c@listc=\count389
\c@savedlistc=\count390
\c@listd=\count391
\c@savedlistd=\count392
\c@liste=\count393
\c@savedliste=\count394
\c@listf=\count395
\c@savedlistf=\count396
\c@location=\count397
\c@savedlocation=\count398
\c@organization=\count399
\c@savedorganization=\count400
\c@origlocation=\count401
\c@savedoriglocation=\count402
\c@origpublisher=\count403
\c@savedorigpublisher=\count404
\c@publisher=\count405
\c@savedpublisher=\count406
\c@language=\count407
\c@savedlanguage=\count408
\c@origlanguage=\count409
\c@savedoriglanguage=\count410
\c@pageref=\count411
\c@savedpageref=\count412
\shorthandwidth=\skip76
\shortjournalwidth=\skip77
\shortserieswidth=\skip78
\shorttitlewidth=\skip79
\shortauthorwidth=\skip80
\shorteditorwidth=\skip81
\locallabelnumberwidth=\skip82
\locallabelalphawidth=\skip83
\localshorthandwidth=\skip84
\localshortjournalwidth=\skip85
\localshortserieswidth=\skip86
\localshorttitlewidth=\skip87
\localshortauthorwidth=\skip88
\localshorteditorwidth=\skip89
Package biblatex Info: Trying to load compatibility code...
Package biblatex Info: ... file 'blx-compat.def' found.
 (/usr/local/share/miktex-texmf/tex/latex/biblatex/blx-compat.def
File: blx-compat.def 2023/03/05 v3.19 biblatex compatibility (PK/MW)
)
Package biblatex Info: Trying to load generic definitions...
Package biblatex Info: ... file 'biblatex.def' found.
 (/usr/local/share/miktex-texmf/tex/latex/biblatex/biblatex.def
File: biblatex.def 2023/03/05 v3.19 biblatex compatibility (PK/MW)
\c@textcitecount=\count413
\c@textcitetotal=\count414
\c@textcitemaxnames=\count415
\c@biburlbigbreakpenalty=\count416
\c@biburlbreakpenalty=\count417
\c@biburlnumpenalty=\count418
\c@biburlucpenalty=\count419
\c@biburllcpenalty=\count420
\biburlbigskip=\muskip18
\biburlnumskip=\muskip19
\biburlucskip=\muskip20
\biburllcskip=\muskip21
\c@smartand=\count421
)
Package biblatex Info: Trying to load bibliography style 'ieee'...
Package biblatex Info: ... file 'ieee.bbx' found.
 (/home/zlatko/.miktex/texmfs/install/tex/latex/biblatex-ieee/ieee.bbx
File: ieee.bbx 2021/12/06 v1.3f biblatex bibliography style
Package biblatex Info: Trying to load bibliography style 'numeric-comp'...
Package biblatex Info: ... file 'numeric-comp.bbx' found.
 (/usr/local/share/miktex-texmf/tex/latex/biblatex/bbx/numeric-comp.bbx
File: numeric-comp.bbx 2023/03/05 v3.19 biblatex bibliography style (PK/MW)
Package biblatex Info: Trying to load bibliography style 'numeric'...
Package biblatex Info: ... file 'numeric.bbx' found.
 (/usr/local/share/miktex-texmf/tex/latex/biblatex/bbx/numeric.bbx
File: numeric.bbx 2023/03/05 v3.19 biblatex bibliography style (PK/MW)
Package biblatex Info: Trying to load bibliography style 'standard'...
Package biblatex Info: ... file 'standard.bbx' found.
 (/usr/local/share/miktex-texmf/tex/latex/biblatex/bbx/standard.bbx
File: standard.bbx 2023/03/05 v3.19 biblatex bibliography style (PK/MW)
\c@bbx:relatedcount=\count422
\c@bbx:relatedtotal=\count423
))))
Package biblatex Info: Trying to load citation style 'ieee'...
Package biblatex Info: ... file 'ieee.cbx' found.
 (/home/zlatko/.miktex/texmfs/install/tex/latex/biblatex-ieee/ieee.cbx
File: ieee.cbx 2021/12/06 v1.3f biblatex citation style
Package biblatex Info: Trying to load citation style 'numeric-comp'...
Package biblatex Info: ... file 'numeric-comp.cbx' found.
 (/usr/local/share/miktex-texmf/tex/latex/biblatex/cbx/numeric-comp.cbx
File: numeric-comp.cbx 2023/03/05 v3.19 biblatex citation style (PK/MW)
\c@cbx@tempcnta=\count424
\c@cbx@tempcntb=\count425
\c@cbx@tempcntc=\count426
\c@cbx@tempcntd=\count427
Package biblatex Info: Redefining '\cite'.
Package biblatex Info: Redefining '\parencite'.
Package biblatex Info: Redefining '\footcite'.
Package biblatex Info: Redefining '\footcitetext'.
Package biblatex Info: Redefining '\smartcite'.
Package biblatex Info: Redefining '\supercite'.
Package biblatex Info: Redefining '\textcite'.
Package biblatex Info: Redefining '\textcites'.
Package biblatex Info: Redefining '\cites'.
Package biblatex Info: Redefining '\parencites'.
Package biblatex Info: Redefining '\smartcites'.
)
Package biblatex Info: Redefining '\cite'.
Package biblatex Info: Redefining '\supercite'.
Package biblatex Info: Redefining '\cites'.
)
Package biblatex Info: Trying to load configuration file...
Package biblatex Info: ... file 'biblatex.cfg' found.
 (/usr/local/share/miktex-texmf/tex/latex/biblatex/biblatex.cfg
File: biblatex.cfg 
)
Package biblatex Info: Input encoding 'utf8' detected.
Package biblatex Info: Document encoding is UTF8 ....
 (/usr/local/share/miktex-texmf/tex/latex/l3kernel/expl3.sty
Package: expl3 2023-05-15 L3 programming layer (loader) 
 (/usr/local/share/miktex-texmf/tex/latex/l3backend/l3backend-pdftex.def
File: l3backend-pdftex.def 2023-04-19 L3 backend support: PDF output (pdfTeX)
\l__color_backend_stack_int=\count428
\l__pdf_internal_box=\box59
))
Package biblatex Info: ... and expl3
(biblatex)             2023-05-15 L3 programming layer (loader) 
(biblatex)             is new enough (at least 2020/04/06),
(biblatex)             setting 'casechanger=expl3'.
 (/usr/local/share/miktex-texmf/tex/latex/biblatex/blx-case-expl3.sty (/usr/local/share/miktex-texmf/tex/latex/l3packages/xparse/xparse.sty
Package: xparse 2023-02-02 L3 Experimental document command parser
)
Package: blx-case-expl3 2023/03/05 v3.19 expl3 case changing code for biblatex
)) (/home/zlatko/.miktex/texmfs/install/tex/latex/comment/comment.sty
\CommentStream=\write4
 Excluding comment 'comment') (/usr/local/share/miktex-texmf/tex/latex/tools/indentfirst.sty
Package: indentfirst 1995/11/23 v1.03 Indent first paragraph (DPC)
) (/home/zlatko/.miktex/texmfs/install/tex/latex/wrapfig/wrapfig.sty
\wrapoverhang=\dimen186
\WF@size=\dimen187
\c@WF@wrappedlines=\count429
\WF@box=\box60
\WF@everypar=\toks33
Package: wrapfig 2003/01/31  v 3.6
) (/home/zlatko/.miktex/texmfs/install/tex/latex/setspace/setspace.sty
Package: setspace 2022/12/04 v6.7b set line spacing
) (/usr/local/share/miktex-texmf/tex/latex/hyperref/hyperref.sty
Package: hyperref 2023-04-22 v7.00x Hypertext links for LaTeX
 (/home/zlatko/.miktex/texmfs/install/tex/generic/kvdefinekeys/kvdefinekeys.sty
Package: kvdefinekeys 2019-12-19 v1.6 Define keys (HO)
) (/home/zlatko/.miktex/texmfs/install/tex/generic/pdfescape/pdfescape.sty
Package: pdfescape 2019/12/09 v1.15 Implements pdfTeX's escape features (HO)
) (/home/zlatko/.miktex/texmfs/install/tex/latex/hycolor/hycolor.sty
Package: hycolor 2020-01-27 v1.10 Color options for hyperref/bookmark (HO)
) (/home/zlatko/.miktex/texmfs/install/tex/latex/letltxmacro/letltxmacro.sty
Package: letltxmacro 2019/12/03 v1.6 Let assignment for LaTeX macros (HO)
) (/home/zlatko/.miktex/texmfs/install/tex/latex/auxhook/auxhook.sty
Package: auxhook 2019-12-17 v1.6 Hooks for auxiliary files (HO)
) (/usr/local/share/miktex-texmf/tex/latex/hyperref/nameref.sty
Package: nameref 2022-05-17 v2.50 Cross-referencing by name of section
 (/home/zlatko/.miktex/texmfs/install/tex/latex/refcount/refcount.sty
Package: refcount 2019/12/15 v3.6 Data extraction from label references (HO)
) (/home/zlatko/.miktex/texmfs/install/tex/generic/gettitlestring/gettitlestring.sty
Package: gettitlestring 2019/12/15 v1.6 Cleanup title references (HO)
)
\c@section@level=\count430
)
\@linkdim=\dimen188
\Hy@linkcounter=\count431
\Hy@pagecounter=\count432
 (/usr/local/share/miktex-texmf/tex/latex/hyperref/pd1enc.def
File: pd1enc.def 2023-04-22 v7.00x Hyperref: PDFDocEncoding definition (HO)
Now handling font encoding PD1 ...
... no UTF-8 mapping file for font encoding PD1
) (/home/zlatko/.miktex/texmfs/install/tex/generic/intcalc/intcalc.sty
Package: intcalc 2019/12/15 v1.3 Expandable calculations with integers (HO)
)
\Hy@SavedSpaceFactor=\count433
 (/usr/local/share/miktex-texmf/tex/latex/hyperref/puenc.def
File: puenc.def 2023-04-22 v7.00x Hyperref: PDF Unicode definition (HO)
Now handling font encoding PU ...
... no UTF-8 mapping file for font encoding PU
)
Package hyperref Info: Option `bookmarks' set `true' on input line 4065.
Package hyperref Info: Option `bookmarksnumbered' set `true' on input line 4065.
Package hyperref Info: Option `colorlinks' set `false' on input line 4065.
Package hyperref Info: Option `unicode' set `true' on input line 4065.
Package hyperref Info: Hyper figures OFF on input line 4182.
Package hyperref Info: Link nesting OFF on input line 4187.
Package hyperref Info: Hyper index ON on input line 4190.
Package hyperref Info: Plain pages OFF on input line 4197.
Package hyperref Info: Backreferencing OFF on input line 4202.
Package hyperref Info: Implicit mode ON; LaTeX internals redefined.
Package hyperref Info: Bookmarks ON on input line 4449.
\c@Hy@tempcnt=\count434
LaTeX Info: Redefining \url on input line 4787.
\XeTeXLinkMargin=\dimen189
 (/home/zlatko/.miktex/texmfs/install/tex/generic/bitset/bitset.sty
Package: bitset 2019/12/09 v1.3 Handle bit-vector datatype (HO)
 (/home/zlatko/.miktex/texmfs/install/tex/generic/bigintcalc/bigintcalc.sty
Package: bigintcalc 2019/12/15 v1.5 Expandable calculations on big integers (HO)
))
\Fld@menulength=\count435
\Field@Width=\dimen190
\Fld@charsize=\dimen191
Package hyperref Info: Hyper figures OFF on input line 6066.
Package hyperref Info: Link nesting OFF on input line 6071.
Package hyperref Info: Hyper index ON on input line 6074.
Package hyperref Info: backreferencing OFF on input line 6081.
Package hyperref Info: Link coloring OFF on input line 6086.
Package hyperref Info: Link coloring with OCG OFF on input line 6091.
Package hyperref Info: PDF/A mode OFF on input line 6096.
 (/usr/local/share/miktex-texmf/tex/latex/base/atbegshi-ltx.sty
Package: atbegshi-ltx 2021/01/10 v1.0c Emulation of the original atbegshi
package with kernel methods
)
\Hy@abspage=\count436
\c@Item=\count437
\c@Hfootnote=\count438
)
Package hyperref Info: Driver: hpdftex.
 (/usr/local/share/miktex-texmf/tex/latex/hyperref/hpdftex.def
File: hpdftex.def 2023-04-22 v7.00x Hyperref driver for pdfTeX
 (/usr/local/share/miktex-texmf/tex/latex/base/atveryend-ltx.sty
Package: atveryend-ltx 2020/08/19 v1.0a Emulation of the original atveryend package
with kernel methods
)
\Fld@listcount=\count439
\c@bookmark@seq@number=\count440
 (/home/zlatko/.miktex/texmfs/install/tex/latex/rerunfilecheck/rerunfilecheck.sty
Package: rerunfilecheck 2022-07-10 v1.10 Rerun checks for auxiliary files (HO)
 (/home/zlatko/.miktex/texmfs/install/tex/generic/uniquecounter/uniquecounter.sty
Package: uniquecounter 2019/12/15 v1.4 Provide unlimited unique counter (HO)
)
Package uniquecounter Info: New unique counter `rerunfilecheck' on input line 285.
)
\Hy@SectionHShift=\skip90
)) (/home/zlatko/.miktex/texmfs/install/tex/latex/lipsum/lipsum.sty (/usr/local/share/miktex-texmf/tex/latex/l3packages/l3keys2e/l3keys2e.sty
Package: l3keys2e 2023-02-02 LaTeX2e option processing using LaTeX3 keys
)
Package: lipsum 2021-09-20 v2.7 150 paragraphs of Lorem Ipsum dummy text
\g__lipsum_par_int=\count441
\l__lipsum_a_int=\count442
\l__lipsum_b_int=\count443
 (/home/zlatko/.miktex/texmfs/install/tex/latex/lipsum/lipsum.ltd.tex)) (/home/zlatko/.miktex/texmfs/install/tex/latex/float/float.sty
Package: float 2001/11/08 v1.3d Float enhancements (AL)
\c@float@type=\count444
\float@exts=\toks34
\float@box=\box61
\@float@everytoks=\toks35
\@floatcapt=\box62
) (/home/zlatko/.miktex/texmfs/install/tex/latex/threeparttable/threeparttable.sty
Package: threeparttable 2003/06/13  v 3.0
\@tempboxb=\box63
) (/home/zlatko/.miktex/texmfs/install/tex/latex/tabu/tabu.sty
Package: tabu 2019/01/11 v2.9 - flexible LaTeX tabulars (FC+tabu-fixed)
 (/home/zlatko/.miktex/texmfs/install/tex/latex/varwidth/varwidth.sty
Package: varwidth 2009/03/30 ver 0.92;  Variable-width minipages
\@vwid@box=\box64
\sift@deathcycles=\count445
\@vwid@loff=\dimen192
\@vwid@roff=\dimen193
)
\c@taburow=\count446
\tabu@nbcols=\count447
\tabu@cnt=\count448
\tabu@Xcol=\count449
\tabu@alloc=\count450
\tabu@nested=\count451
\tabu@target=\dimen194
\tabu@spreadtarget=\dimen195
\tabu@naturalX=\dimen196
\tabucolX=\dimen197
\tabu@Xsum=\dimen198
\extrarowdepth=\dimen199
\abovetabulinesep=\dimen256
\belowtabulinesep=\dimen257
\tabustrutrule=\dimen258
\tabu@thebody=\toks36
\tabu@footnotes=\toks37
\tabu@box=\box65
\tabu@arstrutbox=\box66
\tabu@hleads=\box67
\tabu@vleads=\box68
\tabu@cellskip=\skip91
) (/home/zlatko/.miktex/texmfs/install/tex/latex/adjustbox/adjustbox.sty
Package: adjustbox 2022/10/17 v1.3a Adjusting TeX boxes (trim, clip, ...)
 (/usr/local/share/miktex-texmf/tex/latex/xkeyval/xkeyval.sty
Package: xkeyval 2022/06/16 v2.9 package option processing (HA)
 (/usr/local/share/miktex-texmf/tex/generic/xkeyval/xkeyval.tex (/usr/local/share/miktex-texmf/tex/generic/xkeyval/xkvutils.tex
\XKV@toks=\toks38
\XKV@tempa@toks=\toks39
)
\XKV@depth=\count452
File: xkeyval.tex 2014/12/03 v2.7a key=value parser (HA)
)) (/home/zlatko/.miktex/texmfs/install/tex/latex/adjustbox/adjcalc.sty
Package: adjcalc 2012/05/16 v1.1 Provides advanced setlength with multiple back-ends (calc, etex, pgfmath)
) (/home/zlatko/.miktex/texmfs/install/tex/latex/adjustbox/trimclip.sty
Package: trimclip 2020/08/19 v1.2 Trim and clip general TeX material
 (/home/zlatko/.miktex/texmfs/install/tex/latex/collectbox/collectbox.sty
Package: collectbox 2022/10/17 v0.4c Collect macro arguments as boxes
\collectedbox=\box69
)
\tc@llx=\dimen259
\tc@lly=\dimen260
\tc@urx=\dimen261
\tc@ury=\dimen262
Package trimclip Info: Using driver 'tc-pdftex.def'.
 (/home/zlatko/.miktex/texmfs/install/tex/latex/adjustbox/tc-pdftex.def
File: tc-pdftex.def 2019/01/04 v2.2 Clipping driver for pdftex
))
\adjbox@Width=\dimen263
\adjbox@Height=\dimen264
\adjbox@Depth=\dimen265
\adjbox@Totalheight=\dimen266
\adjbox@pwidth=\dimen267
\adjbox@pheight=\dimen268
\adjbox@pdepth=\dimen269
\adjbox@ptotalheight=\dimen270
 (/home/zlatko/.miktex/texmfs/install/tex/latex/ifoddpage/ifoddpage.sty
Package: ifoddpage 2022/10/18 v1.2 Conditionals for odd/even page detection
\c@checkoddpage=\count453
)) (/usr/local/share/miktex-texmf/tex/latex/pgfplots/pgfplots.sty (/usr/local/share/miktex-texmf/tex/generic/pgfplots/pgfplots.revision.tex)
Package: pgfplots 2021/05/15 v1.18.1 Data Visualization (1.18.1)
 (/usr/local/share/miktex-texmf/tex/latex/pgf/frontendlayer/tikz.sty (/usr/local/share/miktex-texmf/tex/latex/pgf/basiclayer/pgf.sty (/usr/local/share/miktex-texmf/tex/latex/pgf/utilities/pgfrcs.sty (/usr/local/share/miktex-texmf/tex/generic/pgf/utilities/pgfutil-common.tex
\pgfutil@everybye=\toks40
\pgfutil@tempdima=\dimen271
\pgfutil@tempdimb=\dimen272
) (/usr/local/share/miktex-texmf/tex/generic/pgf/utilities/pgfutil-latex.def
\pgfutil@abb=\box70
) (/usr/local/share/miktex-texmf/tex/generic/pgf/utilities/pgfrcs.code.tex (/usr/local/share/miktex-texmf/tex/generic/pgf/pgf.revision.tex)
Package: pgfrcs 2023-01-15 v3.1.10 (3.1.10)
))
Package: pgf 2023-01-15 v3.1.10 (3.1.10)
 (/usr/local/share/miktex-texmf/tex/latex/pgf/basiclayer/pgfcore.sty (/usr/local/share/miktex-texmf/tex/latex/pgf/systemlayer/pgfsys.sty (/usr/local/share/miktex-texmf/tex/generic/pgf/systemlayer/pgfsys.code.tex
Package: pgfsys 2023-01-15 v3.1.10 (3.1.10)
 (/usr/local/share/miktex-texmf/tex/generic/pgf/utilities/pgfkeys.code.tex
\pgfkeys@pathtoks=\toks41
\pgfkeys@temptoks=\toks42
 (/usr/local/share/miktex-texmf/tex/generic/pgf/utilities/pgfkeyslibraryfiltered.code.tex
\pgfkeys@tmptoks=\toks43
))
\pgf@x=\dimen273
\pgf@y=\dimen274
\pgf@xa=\dimen275
\pgf@ya=\dimen276
\pgf@xb=\dimen277
\pgf@yb=\dimen278
\pgf@xc=\dimen279
\pgf@yc=\dimen280
\pgf@xd=\dimen281
\pgf@yd=\dimen282
\w@pgf@writea=\write5
\r@pgf@reada=\read4
\c@pgf@counta=\count454
\c@pgf@countb=\count455
\c@pgf@countc=\count456
\c@pgf@countd=\count457
\t@pgf@toka=\toks44
\t@pgf@tokb=\toks45
\t@pgf@tokc=\toks46
\pgf@sys@id@count=\count458
 (/usr/local/share/miktex-texmf/tex/generic/pgf/systemlayer/pgf.cfg
File: pgf.cfg 2023-01-15 v3.1.10 (3.1.10)
)
Driver file for pgf: pgfsys-pdftex.def
 (/usr/local/share/miktex-texmf/tex/generic/pgf/systemlayer/pgfsys-pdftex.def
File: pgfsys-pdftex.def 2023-01-15 v3.1.10 (3.1.10)
 (/usr/local/share/miktex-texmf/tex/generic/pgf/systemlayer/pgfsys-common-pdf.def
File: pgfsys-common-pdf.def 2023-01-15 v3.1.10 (3.1.10)
))) (/usr/local/share/miktex-texmf/tex/generic/pgf/systemlayer/pgfsyssoftpath.code.tex
File: pgfsyssoftpath.code.tex 2023-01-15 v3.1.10 (3.1.10)
\pgfsyssoftpath@smallbuffer@items=\count459
\pgfsyssoftpath@bigbuffer@items=\count460
) (/usr/local/share/miktex-texmf/tex/generic/pgf/systemlayer/pgfsysprotocol.code.tex
File: pgfsysprotocol.code.tex 2023-01-15 v3.1.10 (3.1.10)
)) (/usr/local/share/miktex-texmf/tex/generic/pgf/basiclayer/pgfcore.code.tex
Package: pgfcore 2023-01-15 v3.1.10 (3.1.10)
 (/usr/local/share/miktex-texmf/tex/generic/pgf/math/pgfmath.code.tex (/usr/local/share/miktex-texmf/tex/generic/pgf/math/pgfmathutil.code.tex) (/usr/local/share/miktex-texmf/tex/generic/pgf/math/pgfmathparser.code.tex
\pgfmath@dimen=\dimen283
\pgfmath@count=\count461
\pgfmath@box=\box71
\pgfmath@toks=\toks47
\pgfmath@stack@operand=\toks48
\pgfmath@stack@operation=\toks49
) (/usr/local/share/miktex-texmf/tex/generic/pgf/math/pgfmathfunctions.code.tex) (/usr/local/share/miktex-texmf/tex/generic/pgf/math/pgfmathfunctions.basic.code.tex) (/usr/local/share/miktex-texmf/tex/generic/pgf/math/pgfmathfunctions.trigonometric.code.tex) (/usr/local/share/miktex-texmf/tex/generic/pgf/math/pgfmathfunctions.random.code.tex) (/usr/local/share/miktex-texmf/tex/generic/pgf/math/pgfmathfunctions.comparison.code.tex) (/usr/local/share/miktex-texmf/tex/generic/pgf/math/pgfmathfunctions.base.code.tex) (/usr/local/share/miktex-texmf/tex/generic/pgf/math/pgfmathfunctions.round.code.tex) (/usr/local/share/miktex-texmf/tex/generic/pgf/math/pgfmathfunctions.misc.code.tex) (/usr/local/share/miktex-texmf/tex/generic/pgf/math/pgfmathfunctions.integerarithmetics.code.tex) (/usr/local/share/miktex-texmf/tex/generic/pgf/math/pgfmathcalc.code.tex) (/usr/local/share/miktex-texmf/tex/generic/pgf/math/pgfmathfloat.code.tex
\c@pgfmathroundto@lastzeros=\count462
)) (/usr/local/share/miktex-texmf/tex/generic/pgf/math/pgfint.code.tex) (/usr/local/share/miktex-texmf/tex/generic/pgf/basiclayer/pgfcorepoints.code.tex
File: pgfcorepoints.code.tex 2023-01-15 v3.1.10 (3.1.10)
\pgf@picminx=\dimen284
\pgf@picmaxx=\dimen285
\pgf@picminy=\dimen286
\pgf@picmaxy=\dimen287
\pgf@pathminx=\dimen288
\pgf@pathmaxx=\dimen289
\pgf@pathminy=\dimen290
\pgf@pathmaxy=\dimen291
\pgf@xx=\dimen292
\pgf@xy=\dimen293
\pgf@yx=\dimen294
\pgf@yy=\dimen295
\pgf@zx=\dimen296
\pgf@zy=\dimen297
) (/usr/local/share/miktex-texmf/tex/generic/pgf/basiclayer/pgfcorepathconstruct.code.tex
File: pgfcorepathconstruct.code.tex 2023-01-15 v3.1.10 (3.1.10)
\pgf@path@lastx=\dimen298
\pgf@path@lasty=\dimen299
) (/usr/local/share/miktex-texmf/tex/generic/pgf/basiclayer/pgfcorepathusage.code.tex
File: pgfcorepathusage.code.tex 2023-01-15 v3.1.10 (3.1.10)
\pgf@shorten@end@additional=\dimen300
\pgf@shorten@start@additional=\dimen301
) (/usr/local/share/miktex-texmf/tex/generic/pgf/basiclayer/pgfcorescopes.code.tex
File: pgfcorescopes.code.tex 2023-01-15 v3.1.10 (3.1.10)
\pgfpic=\box72
\pgf@hbox=\box73
\pgf@layerbox@main=\box74
\pgf@picture@serial@count=\count463
) (/usr/local/share/miktex-texmf/tex/generic/pgf/basiclayer/pgfcoregraphicstate.code.tex
File: pgfcoregraphicstate.code.tex 2023-01-15 v3.1.10 (3.1.10)
\pgflinewidth=\dimen302
) (/usr/local/share/miktex-texmf/tex/generic/pgf/basiclayer/pgfcoretransformations.code.tex
File: pgfcoretransformations.code.tex 2023-01-15 v3.1.10 (3.1.10)
\pgf@pt@x=\dimen303
\pgf@pt@y=\dimen304
\pgf@pt@temp=\dimen305
) (/usr/local/share/miktex-texmf/tex/generic/pgf/basiclayer/pgfcorequick.code.tex
File: pgfcorequick.code.tex 2023-01-15 v3.1.10 (3.1.10)
) (/usr/local/share/miktex-texmf/tex/generic/pgf/basiclayer/pgfcoreobjects.code.tex
File: pgfcoreobjects.code.tex 2023-01-15 v3.1.10 (3.1.10)
) (/usr/local/share/miktex-texmf/tex/generic/pgf/basiclayer/pgfcorepathprocessing.code.tex
File: pgfcorepathprocessing.code.tex 2023-01-15 v3.1.10 (3.1.10)
) (/usr/local/share/miktex-texmf/tex/generic/pgf/basiclayer/pgfcorearrows.code.tex
File: pgfcorearrows.code.tex 2023-01-15 v3.1.10 (3.1.10)
\pgfarrowsep=\dimen306
) (/usr/local/share/miktex-texmf/tex/generic/pgf/basiclayer/pgfcoreshade.code.tex
File: pgfcoreshade.code.tex 2023-01-15 v3.1.10 (3.1.10)
\pgf@max=\dimen307
\pgf@sys@shading@range@num=\count464
\pgf@shadingcount=\count465
) (/usr/local/share/miktex-texmf/tex/generic/pgf/basiclayer/pgfcoreimage.code.tex
File: pgfcoreimage.code.tex 2023-01-15 v3.1.10 (3.1.10)
) (/usr/local/share/miktex-texmf/tex/generic/pgf/basiclayer/pgfcoreexternal.code.tex
File: pgfcoreexternal.code.tex 2023-01-15 v3.1.10 (3.1.10)
\pgfexternal@startupbox=\box75
) (/usr/local/share/miktex-texmf/tex/generic/pgf/basiclayer/pgfcorelayers.code.tex
File: pgfcorelayers.code.tex 2023-01-15 v3.1.10 (3.1.10)
) (/usr/local/share/miktex-texmf/tex/generic/pgf/basiclayer/pgfcoretransparency.code.tex
File: pgfcoretransparency.code.tex 2023-01-15 v3.1.10 (3.1.10)
) (/usr/local/share/miktex-texmf/tex/generic/pgf/basiclayer/pgfcorepatterns.code.tex
File: pgfcorepatterns.code.tex 2023-01-15 v3.1.10 (3.1.10)
) (/usr/local/share/miktex-texmf/tex/generic/pgf/basiclayer/pgfcorerdf.code.tex
File: pgfcorerdf.code.tex 2023-01-15 v3.1.10 (3.1.10)
))) (/usr/local/share/miktex-texmf/tex/generic/pgf/modules/pgfmoduleshapes.code.tex
File: pgfmoduleshapes.code.tex 2023-01-15 v3.1.10 (3.1.10)
\pgfnodeparttextbox=\box76
)
(/usr/local/share/miktex-texmf/tex/generic/pgf/modules/pgfmoduleplot.code.tex
File: pgfmoduleplot.code.tex 2023-01-15 v3.1.10 (3.1.10)
) (/usr/local/share/miktex-texmf/tex/latex/pgf/compatibility/pgfcomp-version-0-65.sty
Package: pgfcomp-version-0-65 2023-01-15 v3.1.10 (3.1.10)
\pgf@nodesepstart=\dimen308
\pgf@nodesepend=\dimen309
) (/usr/local/share/miktex-texmf/tex/latex/pgf/compatibility/pgfcomp-version-1-18.sty
Package: pgfcomp-version-1-18 2023-01-15 v3.1.10 (3.1.10)
)) (/usr/local/share/miktex-texmf/tex/latex/pgf/utilities/pgffor.sty (/usr/local/share/miktex-texmf/tex/latex/pgf/utilities/pgfkeys.sty (/usr/local/share/miktex-texmf/tex/generic/pgf/utilities/pgfkeys.code.tex)) (/usr/local/share/miktex-texmf/tex/latex/pgf/math/pgfmath.sty (/usr/local/share/miktex-texmf/tex/generic/pgf/math/pgfmath.code.tex)) (/usr/local/share/miktex-texmf/tex/generic/pgf/utilities/pgffor.code.tex
Package: pgffor 2023-01-15 v3.1.10 (3.1.10)
\pgffor@iter=\dimen310
\pgffor@skip=\dimen311
\pgffor@stack=\toks50
\pgffor@toks=\toks51
)) (/usr/local/share/miktex-texmf/tex/generic/pgf/frontendlayer/tikz/tikz.code.tex
Package: tikz 2023-01-15 v3.1.10 (3.1.10)
 (/usr/local/share/miktex-texmf/tex/generic/pgf/libraries/pgflibraryplothandlers.code.tex
File: pgflibraryplothandlers.code.tex 2023-01-15 v3.1.10 (3.1.10)
\pgf@plot@mark@count=\count466
\pgfplotmarksize=\dimen312
)
\tikz@lastx=\dimen313
\tikz@lasty=\dimen314
\tikz@lastxsaved=\dimen315
\tikz@lastysaved=\dimen316
\tikz@lastmovetox=\dimen317
\tikz@lastmovetoy=\dimen318
\tikzleveldistance=\dimen319
\tikzsiblingdistance=\dimen320
\tikz@figbox=\box77
\tikz@figbox@bg=\box78
\tikz@tempbox=\box79
\tikz@tempbox@bg=\box80
\tikztreelevel=\count467
\tikznumberofchildren=\count468
\tikznumberofcurrentchild=\count469
\tikz@fig@count=\count470
 (/usr/local/share/miktex-texmf/tex/generic/pgf/modules/pgfmodulematrix.code.tex
File: pgfmodulematrix.code.tex 2023-01-15 v3.1.10 (3.1.10)
\pgfmatrixcurrentrow=\count471
\pgfmatrixcurrentcolumn=\count472
\pgf@matrix@numberofcolumns=\count473
)
\tikz@expandcount=\count474
 (/usr/local/share/miktex-texmf/tex/generic/pgf/frontendlayer/tikz/libraries/tikzlibrarytopaths.code.tex
File: tikzlibrarytopaths.code.tex 2023-01-15 v3.1.10 (3.1.10)
))) (/usr/local/share/miktex-texmf/tex/generic/pgfplots/pgfplots.code.tex (/usr/local/share/miktex-texmf/tex/generic/pgfplots/pgfplotscore.code.tex
\t@pgfplots@toka=\toks52
\t@pgfplots@tokb=\toks53
\t@pgfplots@tokc=\toks54
\pgfplots@tmpa=\dimen321
\c@pgfplots@coordindex=\count475
\c@pgfplots@scanlineindex=\count476
 (/usr/local/share/miktex-texmf/tex/generic/pgfplots/sys/pgfplotssysgeneric.code.tex)) (/usr/local/share/miktex-texmf/tex/generic/pgfplots/libs/pgfplotslibrary.code.tex) (/usr/local/share/miktex-texmf/tex/generic/pgfplots/oldpgfcompatib/pgfplotsoldpgfsupp_loader.code.tex (/usr/local/share/miktex-texmf/tex/generic/pgf/libraries/pgflibraryfpu.code.tex)
Package pgfplots: loading complementary utilities for your pgf version...
\t@pgf@toka=\toks55
\t@pgf@tokb=\toks56
\t@pgf@tokc=\toks57
(/usr/local/share/miktex-texmf/tex/generic/pgfplots/oldpgfcompatib/pgfplotsoldpgfsupp_pgfutil-common-lists.tex)) (/usr/local/share/miktex-texmf/tex/generic/pgfplots/util/pgfplotsutil.code.tex (/usr/local/share/miktex-texmf/tex/generic/pgfplots/liststructure/pgfplotsliststructure.code.tex) (/usr/local/share/miktex-texmf/tex/generic/pgfplots/liststructure/pgfplotsliststructureext.code.tex) (/usr/local/share/miktex-texmf/tex/generic/pgfplots/liststructure/pgfplotsarray.code.tex
\c@pgfplotsarray@tmp=\count477
) (/usr/local/share/miktex-texmf/tex/generic/pgfplots/liststructure/pgfplotsmatrix.code.tex) (/usr/local/share/miktex-texmf/tex/generic/pgfplots/numtable/pgfplotstableshared.code.tex
\c@pgfplotstable@counta=\count478
\t@pgfplotstable@a=\toks58
) (/usr/local/share/miktex-texmf/tex/generic/pgfplots/liststructure/pgfplotsdeque.code.tex) (/usr/local/share/miktex-texmf/tex/generic/pgfplots/util/pgfplotsbinary.code.tex (/usr/local/share/miktex-texmf/tex/generic/pgfplots/util/pgfplotsbinary.data.code.tex)) (/usr/local/share/miktex-texmf/tex/generic/pgfplots/util/pgfplotsutil.verb.code.tex) (/usr/local/share/miktex-texmf/tex/generic/pgfplots/libs/pgflibrarypgfplots.surfshading.code.tex
\c@pgfplotslibrarysurf@no=\count479
 (/usr/local/share/miktex-texmf/tex/generic/pgfplots/sys/pgflibrarypgfplots.surfshading.pgfsys-pdftex.def))) (/usr/local/share/miktex-texmf/tex/generic/pgfplots/util/pgfplotscolormap.code.tex (/usr/local/share/miktex-texmf/tex/generic/pgfplots/util/pgfplotscolor.code.tex)) (/usr/local/share/miktex-texmf/tex/generic/pgfplots/pgfplotsstackedplots.code.tex) (/usr/local/share/miktex-texmf/tex/generic/pgfplots/pgfplotsplothandlers.code.tex (/usr/local/share/miktex-texmf/tex/generic/pgfplots/pgfplotsmeshplothandler.code.tex (/usr/local/share/miktex-texmf/tex/generic/pgfplots/pgfplotsmeshplotimage.code.tex))) (/usr/local/share/miktex-texmf/tex/generic/pgfplots/pgfplots.scaling.code.tex) (/usr/local/share/miktex-texmf/tex/generic/pgfplots/pgfplotscoordprocessing.code.tex) (/usr/local/share/miktex-texmf/tex/generic/pgfplots/pgfplots.errorbars.code.tex) (/usr/local/share/miktex-texmf/tex/generic/pgfplots/pgfplots.markers.code.tex) (/usr/local/share/miktex-texmf/tex/generic/pgfplots/pgfplotsticks.code.tex) (/usr/local/share/miktex-texmf/tex/generic/pgfplots/pgfplots.paths.code.tex) (/usr/local/share/miktex-texmf/tex/generic/pgf/frontendlayer/tikz/libraries/tikzlibrarydecorations.code.tex (/usr/local/share/miktex-texmf/tex/generic/pgf/modules/pgfmoduledecorations.code.tex
\pgfdecoratedcompleteddistance=\dimen322
\pgfdecoratedremainingdistance=\dimen323
\pgfdecoratedinputsegmentcompleteddistance=\dimen324
\pgfdecoratedinputsegmentremainingdistance=\dimen325
\pgf@decorate@distancetomove=\dimen326
\pgf@decorate@repeatstate=\count480
\pgfdecorationsegmentamplitude=\dimen327
\pgfdecorationsegmentlength=\dimen328
)
\tikz@lib@dec@box=\box81
) (/usr/local/share/miktex-texmf/tex/generic/pgf/frontendlayer/tikz/libraries/tikzlibrarydecorations.pathmorphing.code.tex (/usr/local/share/miktex-texmf/tex/generic/pgf/libraries/decorations/pgflibrarydecorations.pathmorphing.code.tex)) (/usr/local/share/miktex-texmf/tex/generic/pgf/frontendlayer/tikz/libraries/tikzlibrarydecorations.pathreplacing.code.tex (/usr/local/share/miktex-texmf/tex/generic/pgf/libraries/decorations/pgflibrarydecorations.pathreplacing.code.tex)) (/usr/local/share/miktex-texmf/tex/generic/pgfplots/libs/tikzlibrarypgfplots.contourlua.code.tex)
\pgfplots@numplots=\count481
\pgfplots@xmin@reg=\dimen329
\pgfplots@xmax@reg=\dimen330
\pgfplots@ymin@reg=\dimen331
\pgfplots@ymax@reg=\dimen332
\pgfplots@zmin@reg=\dimen333
\pgfplots@zmax@reg=\dimen334
) (/usr/local/share/miktex-texmf/tex/generic/pgf/frontendlayer/tikz/libraries/tikzlibraryplotmarks.code.tex
File: tikzlibraryplotmarks.code.tex 2023-01-15 v3.1.10 (3.1.10)
 (/usr/local/share/miktex-texmf/tex/generic/pgf/libraries/pgflibraryplotmarks.code.tex
File: pgflibraryplotmarks.code.tex 2023-01-15 v3.1.10 (3.1.10)
))) (/usr/local/share/miktex-texmf/tex/latex/listings/lstlang1.sty
File: lstlang1.sty 2023/02/27 1.9 listings language file
) (/usr/local/share/miktex-texmf/tex/latex/listings/lstlang1.sty
File: lstlang1.sty 2023/02/27 1.9 listings language file
) (/usr/local/share/miktex-texmf/tex/latex/listings/lstmisc.sty
File: lstmisc.sty 2023/02/27 1.9 (Carsten Heinz)
)
Package csquotes Info: Checking for multilingual support...
Package csquotes Info: ... found 'babel' package.
Package csquotes Info: Adjusting default style.
Package csquotes Info: Redefining alias 'default' -> 'croatian'.
LaTeX Font Info:    Trying to load font information for T1+phv on input line 57.
 (/home/zlatko/.miktex/texmfs/install/tex/latex/psnfss/t1phv.fd
File: t1phv.fd 2020/03/25 scalable font definitions for T1/phv.
) (main.aux)
\openout1 = `main.aux'.

LaTeX Font Info:    Checking defaults for OML/cmm/m/it on input line 57.
LaTeX Font Info:    ... okay on input line 57.
LaTeX Font Info:    Checking defaults for OMS/cmsy/m/n on input line 57.
LaTeX Font Info:    ... okay on input line 57.
LaTeX Font Info:    Checking defaults for OT1/cmr/m/n on input line 57.
LaTeX Font Info:    ... okay on input line 57.
LaTeX Font Info:    Checking defaults for T1/cmr/m/n on input line 57.
LaTeX Font Info:    ... okay on input line 57.
LaTeX Font Info:    Checking defaults for TS1/cmr/m/n on input line 57.
LaTeX Font Info:    ... okay on input line 57.
LaTeX Font Info:    Checking defaults for OMX/cmex/m/n on input line 57.
LaTeX Font Info:    ... okay on input line 57.
LaTeX Font Info:    Checking defaults for U/cmr/m/n on input line 57.
LaTeX Font Info:    ... okay on input line 57.
LaTeX Font Info:    Checking defaults for PD1/pdf/m/n on input line 57.
LaTeX Font Info:    ... okay on input line 57.
LaTeX Font Info:    Checking defaults for PU/pdf/m/n on input line 57.
LaTeX Font Info:    ... okay on input line 57.

*geometry* driver: auto-detecting
*geometry* detected driver: pdftex
*geometry* verbose mode - [ preamble ] result:
* driver: pdftex
* paper: a4paper
* layout: <same size as paper>
* layoutoffset:(h,v)=(0.0pt,0.0pt)
* modes: 
* h-part:(L,W,R)=(71.13188pt, 455.24411pt, 71.13188pt)
* v-part:(T,H,B)=(71.13188pt, 702.78308pt, 71.13188pt)
* \paperwidth=597.50787pt
* \paperheight=845.04684pt
* \textwidth=455.24411pt
* \textheight=702.78308pt
* \oddsidemargin=-1.1381pt
* \evensidemargin=-1.1381pt
* \topmargin=-38.1381pt
* \headheight=12.0pt
* \headsep=25.0pt
* \topskip=11.0pt
* \footskip=30.0pt
* \marginparwidth=59.0pt
* \marginparsep=10.0pt
* \columnsep=10.0pt
* \skip\footins=10.0pt plus 4.0pt minus 2.0pt
* \hoffset=0.0pt
* \voffset=0.0pt
* \mag=1000
* \@twocolumnfalse
* \@twosidefalse
* \@mparswitchfalse
* \@reversemarginfalse
* (1in=72.27pt=25.4mm, 1cm=28.453pt)

(/usr/local/share/miktex-texmf/tex/context/base/mkii/supp-pdf.mkii
[Loading MPS to PDF converter (version 2006.09.02).]
\scratchcounter=\count482
\scratchdimen=\dimen335
\scratchbox=\box82
\nofMPsegments=\count483
\nofMParguments=\count484
\everyMPshowfont=\toks59
\MPscratchCnt=\count485
\MPscratchDim=\dimen336
\MPnumerator=\count486
\makeMPintoPDFobject=\count487
\everyMPtoPDFconversion=\toks60
) (/usr/local/share/miktex-texmf/tex/latex/epstopdf-pkg/epstopdf-base.sty
Package: epstopdf-base 2020-01-24 v2.11 Base part for package epstopdf
Package epstopdf-base Info: Redefining graphics rule for `.eps' on input line 485.
 (/usr/local/share/miktex-texmf/tex/latex/00miktex/epstopdf-sys.cfg
File: epstopdf-sys.cfg 2021/03/18 v2.0 Configuration of epstopdf for MiKTeX
))
Package caption Info: Begin \AtBeginDocument code.
Package caption Info: float package is loaded.
Package caption Info: hyperref package is loaded.
Package caption Info: listings package is loaded.
Package caption Info: threeparttable package is loaded.
Package caption Info: wrapfig package is loaded.
Package caption Info: End \AtBeginDocument code.
\c@lstlisting=\count488
Package biblatex Info: Trying to load language 'croatian'...
Package biblatex Info: ... file 'croatian.lbx' found.
 (/usr/local/share/miktex-texmf/tex/latex/biblatex/lbx/croatian.lbx
File: croatian.lbx 2023/03/05 v3.19 biblatex localization (PK/MW)
)
Package biblatex Info: Input encoding 'utf8' detected.
Package biblatex Info: Automatic encoding selection.
(biblatex)             Assuming data encoding 'utf8'.
\openout3 = `main.bcf'.

Package biblatex Info: Trying to load bibliographic data...
Package biblatex Info: ... file 'main.bbl' found.
 (main.bbl)
Package biblatex Info: Reference section=0 on input line 57.
Package biblatex Info: Reference segment=0 on input line 57.
Package hyperref Info: Link coloring OFF on input line 57.
 (main.out) (main.out)
\@outlinefile=\write6
\openout6 = `main.out'.


Package pgfplots notification 'compat/show suggested version=true': document has been generated with the most recent feature set (\pgfplotsset{compat=1.18}).

[1

{/home/zlatko/.miktex/texmfs/data/fonts/map/pdftex/pdftex.map}{/usr/local/share/miktex-texmf/fonts/enc/dvips/base/8r.enc}] [0] (main.toc
LaTeX Font Info:    Trying to load font information for U+msa on input line 2.
 (/usr/local/share/miktex-texmf/tex/latex/amsfonts/umsa.fd
File: umsa.fd 2013/01/14 v3.01 AMS symbols A
)
LaTeX Font Info:    Trying to load font information for U+msb on input line 2.
 (/usr/local/share/miktex-texmf/tex/latex/amsfonts/umsb.fd
File: umsb.fd 2013/01/14 v3.01 AMS symbols B
))
\tf@toc=\write7
\openout7 = `main.toc'.

 [1

]
Poglavlje 1.

pdfTeX warning (ext4): destination with the same identifier (name{page.1}) has been already used, duplicate ignored
<to be read again> 
                   \relax 
l.77 \chapter
             {Opis ATP-a Bloom filter} [1

]
Poglavlje 2.
LaTeX Font Info:    Font shape `T1/phv/m/it' in size <10.95> not available
(Font)              Font shape `T1/phv/m/sl' tried instead on input line 81.
[2

] [3] [4]
Overfull \hbox (19.18849pt too wide) in paragraph at lines 123--149
 [] 
 []

LaTeX Font Info:    Trying to load font information for TS1+phv on input line 154.
(/home/zlatko/.miktex/texmfs/install/tex/latex/psnfss/ts1phv.fd
File: ts1phv.fd 2020/03/25 scalable font definitions for TS1/phv.
) [5]
<slike/input.png, id=183, 1062.97125pt x 819.8128pt>
File: slike/input.png Graphic file (type png)
<use slike/input.png>
Package pdftex.def Info: slike/input.png  used on input line 169.
(pdftex.def)             Requested size: 409.71692pt x 315.99792pt.
 [6 <./slike/input.png>]
LaTeX Font Info:    Trying to load font information for T1+pcr on input line 192.
 (/home/zlatko/.miktex/texmfs/install/tex/latex/psnfss/t1pcr.fd
File: t1pcr.fd 2001/06/04 font definitions for T1/pcr.
)
<slike/input_.png, id=203, 1215.79219pt x 676.77844pt>
File: slike/input_.png Graphic file (type png)
<use slike/input_.png>
Package pdftex.def Info: slike/input_.png  used on input line 207.
(pdftex.def)             Requested size: 409.71692pt x 228.06725pt.
 [7]
<slike/input__.png, id=220, 1202.99437pt x 734.745pt>
File: slike/input__.png Graphic file (type png)
<use slike/input__.png>
Package pdftex.def Info: slike/input__.png  used on input line 232.
(pdftex.def)             Requested size: 409.71692pt x 250.23602pt.
 [8 <./slike/input_.png>] [9 <./slike/input__.png>]
Package pgfplots info on input line 308: Using 'lua backend=false' for axis: ymode=log unsupported (yet).
 [10] [11]
Poglavlje 3.
[12

] [13] [14] [15] [16]
Poglavlje 4.
LaTeX Font Info:    Font shape `T1/phv/m/it' in size <9> not available
(Font)              Font shape `T1/phv/m/sl' tried instead on input line 614.
[17

] [18] [19] [20]
Poglavlje 5.
[21

] (main.lof)
\tf@lof=\write8
\openout8 = `main.lof'.

 [22

] (main.lot)
\tf@lot=\write9
\openout9 = `main.lot'.

 [23

] [24

] (main.aux)
Package rerunfilecheck Info: File `main.out' has not changed.
(rerunfilecheck)             Checksum: 1B9891D7674FD97D64323E697F73DDC4;4770.
Package logreq Info: Writing requests to 'main.run.xml'.
\openout1 = `main.run.xml'.

 ) 
Here is how much of TeX's memory you used:
 47433 strings out of 476412
 1040450 string characters out of 5796222
 2174170 words of memory out of 5000000
 66760 multiletter control sequences out of 15000+600000
 576697 words of font info for 93 fonts, out of 8000000 for 9000
 1141 hyphenation exceptions out of 8191
 99i,19n,97p,1535b,2397s stack positions out of 10000i,1000n,20000p,200000b,200000s
</usr/local/share/miktex-texmf/fonts/type1/public/amsfonts/cm/cmex10.pfb></usr/local/share/miktex-texmf/fonts/type1/public/amsfonts/cm/cmmi10.pfb></usr/local/share/miktex-texmf/fonts/type1/public/amsfonts/cm/cmmi8.pfb></usr/local/share/miktex-texmf/fonts/type1/public/amsfonts/cm/cmr10.pfb></usr/local/share/miktex-texmf/fonts/type1/public/amsfonts/cm/cmr8.pfb></usr/local/share/miktex-texmf/fonts/type1/public/amsfonts/cm/cmsy10.pfb></usr/local/share/miktex-texmf/fonts/type1/public/amsfonts/cm/cmsy8.pfb></usr/local/share/miktex-texmf/fonts/type1/public/amsfonts/symbols/msam10.pfb></usr/local/share/miktex-texmf/fonts/type1/urw/courier/ucrr8a.pfb></usr/local/share/miktex-texmf/fonts/type1/urw/helvetic/uhvb8a.pfb></usr/local/share/miktex-texmf/fonts/type1/urw/helvetic/uhvr8a.pfb></usr/local/share/miktex-texmf/fonts/type1/urw/helvetic/uhvro8a.pfb>
Output written on main.pdf (27 pages, 430929 bytes).
PDF statistics:
 655 PDF objects out of 1000 (max. 8388607)
 291 named destinations out of 1000 (max. 500000)
 212 words of extra memory for PDF output out of 10000 (max. 10000000)

