\BOOKMARK [0][-]{chapter.1}{\376\377\0001\000\040\000U\000v\000o\000d}{}% 1
\BOOKMARK [1][-]{section.1.1}{\376\377\0001\000.\0001\000\040\000P\000r\000e\000d\000m\000e\000t\000\040\000i\000\040\000c\000i\000l\000j\000\040\000r\000a\000d\000a}{chapter.1}% 2
\BOOKMARK [1][-]{section.1.2}{\376\377\0001\000.\0002\000\040\000I\000z\000v\000o\000r\000i\000\040\000p\000o\000d\000a\000t\000a\000k\000a\000\040\000i\000\040\000m\000e\000t\000o\000d\000e\000\040\000p\000r\000i\000k\000u\000p\000l\000j\000a\000n\000j\000a}{chapter.1}% 3
\BOOKMARK [1][-]{section.1.3}{\376\377\0001\000.\0003\000\040\000S\000a\000d\000r\001\176\000a\000j\000\040\000i\000\040\000s\000t\000r\000u\000k\000t\000u\000r\000a\000\040\000r\000a\000d\000a}{chapter.1}% 4
\BOOKMARK [0][-]{chapter.2}{\376\377\0002\000\040\000O\000p\000i\000s\000\040\000A\000T\000P\000-\000a\000\040\000B\000l\000o\000o\000m\000\040\000f\000i\000l\000t\000e\000r}{}% 5
\BOOKMARK [1][-]{section.2.1}{\376\377\0002\000.\0001\000\040\000N\000a\000m\000j\000e\000n\000a\000\040\000A\000T\000P\000\040\000B\000l\000o\000o\000m\000\040\000f\000i\000l\000t\000e\000r}{chapter.2}% 6
\BOOKMARK [1][-]{section.2.2}{\376\377\0002\000.\0002\000\040\000P\000r\000o\000b\000l\000e\000m\000s\000k\000i\000\040\000z\000a\000d\000a\000t\000a\000k}{chapter.2}% 7
\BOOKMARK [1][-]{section.2.3}{\376\377\0002\000.\0003\000\040\000N\000a\001\015\000i\000n\000i\000\040\000m\000o\000g\000u\001\007\000e\000\040\000i\000m\000p\000l\000e\000m\000e\000n\000t\000a\000c\000i\000j\000e\000\040\000z\000a\000d\000a\000t\000k\000a}{chapter.2}% 8
\BOOKMARK [1][-]{section.2.4}{\376\377\0002\000.\0004\000\040\000K\000a\000k\000o\000\040\000r\000a\000d\000i\000\040\000B\000l\000o\000o\000m\000\040\000f\000i\000l\000t\000e\000r}{chapter.2}% 9
\BOOKMARK [1][-]{section.2.5}{\376\377\0002\000.\0005\000\040\000P\000r\000o\000v\000j\000e\000r\000a\000\040\000i\000\040\000u\000n\000o\000s\000\040\000p\000o\000d\000a\000t\000k\000a\000\040\000u\000z\000\040\000p\000o\000m\000o\001\007\000\040\000B\000l\000o\000o\000m\000\040\000f\000i\000l\000t\000r\000a}{chapter.2}% 10
\BOOKMARK [2][-]{subsection.2.5.1}{\376\377\0002\000.\0005\000.\0001\000\040\000P\000r\000o\000v\000j\000e\000r\000a\000\040\000v\000r\000i\000j\000e\000d\000n\000o\000s\000t\000i}{section.2.5}% 11
\BOOKMARK [2][-]{subsection.2.5.2}{\376\377\0002\000.\0005\000.\0002\000\040\000U\000n\000o\000s\000\040\000v\000r\000i\000j\000e\000d\000n\000o\000s\000t\000i}{section.2.5}% 12
\BOOKMARK [1][-]{section.2.6}{\376\377\0002\000.\0006\000\040\000I\000z\000r\000a\001\015\000u\000n\000\040\000l\000a\001\176\000n\000o\000\040\000p\000o\000z\000i\000t\000i\000v\000n\000e\000\040\000v\000j\000e\000r\000o\000j\000a\000t\000n\000o\000s\000t\000\040\000B\000l\000o\000o\000m\000\040\000f\000i\000l\000t\000r\000a}{chapter.2}% 13
\BOOKMARK [0][-]{chapter.3}{\376\377\0003\000\040\000I\000m\000p\000l\000e\000m\000e\000n\000t\000a\000c\000i\000j\000a\000\040\000B\000l\000o\000o\000m\000\040\000f\000i\000l\000t\000r\000a}{}% 14
\BOOKMARK [1][-]{section.3.1}{\376\377\0003\000.\0001\000\040\000A\000T\000P\000\040\000B\000l\000o\000o\000m\000\040\000f\000i\000l\000t\000e\000r\000\040\000p\000o\000m\000o\001\007\000u\000\040\000p\000o\000l\000j\000a}{chapter.3}% 15
\BOOKMARK [1][-]{section.3.2}{\376\377\0003\000.\0002\000\040\000K\000o\000r\000i\001\141\000t\000e\000n\000j\000e\000\040\000A\000T\000P\000\040\000B\000l\000o\000o\000m\000\040\000f\000i\000l\000t\000e\000r}{chapter.3}% 16
\BOOKMARK [0][-]{chapter.4}{\376\377\0004\000\040\000I\000z\000r\000a\001\015\000u\000n\000\040\000s\000l\000o\001\176\000e\000n\000o\000s\000t\000i\000\040\000i\000\040\000a\000m\000o\000r\000t\000i\000z\000i\000r\000a\000n\000e\000\040\000s\000l\000o\001\176\000e\000n\000o\000s\000t\000i}{}% 17
\BOOKMARK [1][-]{section.4.1}{\376\377\0004\000.\0001\000\040\000V\000r\000e\000m\000e\000n\000s\000k\000a\000\040\000s\000l\000o\001\176\000e\000n\000o\000s\000t\000\040\000B\000l\000o\000o\000m\000\040\000f\000i\000l\000t\000r\000a}{chapter.4}% 18
\BOOKMARK [1][-]{section.4.2}{\376\377\0004\000.\0002\000\040\000A\000m\000o\000r\000t\000i\000z\000i\000r\000a\000n\000a\000\040\000s\000l\000o\001\176\000e\000n\000o\000s\000t\000\040\000B\000l\000o\000o\000m\000\040\000f\000i\000l\000t\000r\000a}{chapter.4}% 19
\BOOKMARK [0][-]{chapter.5}{\376\377\0005\000\040\000Z\000a\000k\000l\000j\000u\001\015\000a\000k}{}% 20
\BOOKMARK [0][-]{chapter*.10}{\376\377\000P\000o\000p\000i\000s\000\040\000s\000l\000i\000k\000a}{}% 21
\BOOKMARK [0][-]{chapter*.11}{\376\377\000P\000o\000p\000i\000s\000\040\000p\000o\000p\000i\000s\000\040\000t\000a\000b\000l\000i\000c\000a}{}% 22
\BOOKMARK [0][-]{chapter*.12}{\376\377\000P\000o\000p\000i\000s\000\040\000l\000i\000t\000e\000r\000a\000t\000u\000r\000e}{}% 23
